<?xml version="1.0" encoding="UTF-8"?>
<testng-results ignored="0" total="1" passed="1" failed="0" skipped="0">
  <reporter-output>
  </reporter-output>
  <suite started-at="2021-02-06T15:53:55 IST" name="Default suite" finished-at="2021-02-06T15:54:16 IST" duration-ms="20692">
    <groups>
    </groups>
    <test started-at="2021-02-06T15:53:55 IST" name="Default test" finished-at="2021-02-06T15:54:16 IST" duration-ms="20692">
      <class name="com.thinkbridge.testcases.ThinkBridgeTest">
        <test-method is-config="true" signature="launchBrowser()[pri:0, instance:com.thinkbridge.testcases.ThinkBridgeTest@25d250c6]" started-at="2021-02-06T15:53:55 IST" name="launchBrowser" finished-at="2021-02-06T15:54:07 IST" duration-ms="11627" status="PASS">
          <reporter-output>
          </reporter-output>
        </test-method> <!-- launchBrowser -->
        <test-method signature="ThinkBridgePage()[pri:0, instance:com.thinkbridge.testcases.ThinkBridgeTest@25d250c6]" started-at="2021-02-06T15:54:07 IST" name="ThinkBridgePage" finished-at="2021-02-06T15:54:15 IST" duration-ms="8274" status="PASS">
          <reporter-output>
          </reporter-output>
        </test-method> <!-- ThinkBridgePage -->
        <test-method is-config="true" signature="closeBrowser()[pri:0, instance:com.thinkbridge.testcases.ThinkBridgeTest@25d250c6]" started-at="2021-02-06T15:54:15 IST" name="closeBrowser" finished-at="2021-02-06T15:54:16 IST" duration-ms="733" status="PASS">
          <reporter-output>
          </reporter-output>
        </test-method> <!-- closeBrowser -->
      </class> <!-- com.thinkbridge.testcases.ThinkBridgeTest -->
    </test> <!-- Default test -->
  </suite> <!-- Default suite -->
</testng-results>
